WARNING - 2024-06-21 06:19:10 --> [DEPRECATED] Creation of dynamic property App\Services\LoginService::$validation is deprecated in APPPATH\services\BaseService.php on line 8.
 1 APPPATH\services\LoginService.php(20): App\Services\BaseService->__construct()
 2 APPPATH\Controllers\LoginController.php(13): App\Services\LoginService->__construct()
 3 SYSTEMPATH\CodeIgniter.php(903): App\Controllers\LoginController->__construct()
 4 SYSTEMPATH\CodeIgniter.php(500): CodeIgniter\CodeIgniter->createController()
 5 SYSTEMPATH\CodeIgniter.php(355): CodeIgniter\CodeIgniter->handleRequest(null, Object(Config\Cache), false)
 6 SYSTEMPATH\Boot.php(312): CodeIgniter\CodeIgniter->run()
 7 SYSTEMPATH\Boot.php(67): CodeIgniter\Boot::runCodeIgniter(Object(CodeIgniter\CodeIgniter))
 8 FCPATH\index.php(56): CodeIgniter\Boot::bootWeb(Object(Config\Paths))
 9 SYSTEMPATH\Commands\Server\rewrite.php(49): require_once('C:\\xampp\\htdocs\\cnphanmem\\public\\index.php')
INFO - 2024-06-21 06:19:11 --> Session: Class initialized using 'CodeIgniter\Session\Handlers\FileHandler' driver.
WARNING - 2024-06-21 06:19:28 --> [DEPRECATED] Creation of dynamic property App\Services\LoginService::$validation is deprecated in APPPATH\services\BaseService.php on line 8.
 1 APPPATH\services\LoginService.php(20): App\Services\BaseService->__construct()
 2 APPPATH\Controllers\LoginController.php(13): App\Services\LoginService->__construct()
 3 SYSTEMPATH\CodeIgniter.php(903): App\Controllers\LoginController->__construct()
 4 SYSTEMPATH\CodeIgniter.php(500): CodeIgniter\CodeIgniter->createController()
 5 SYSTEMPATH\CodeIgniter.php(355): CodeIgniter\CodeIgniter->handleRequest(null, Object(Config\Cache), false)
 6 SYSTEMPATH\Boot.php(312): CodeIgniter\CodeIgniter->run()
 7 SYSTEMPATH\Boot.php(67): CodeIgniter\Boot::runCodeIgniter(Object(CodeIgniter\CodeIgniter))
 8 FCPATH\index.php(56): CodeIgniter\Boot::bootWeb(Object(Config\Paths))
 9 SYSTEMPATH\Commands\Server\rewrite.php(49): require_once('C:\\xampp\\htdocs\\cnphanmem\\public\\index.php')
ERROR - 2024-06-21 06:19:33 --> Error connecting to the database: mysqli_sql_exception: No connection could be made because the target machine actively refused it in C:\xampp\htdocs\cnphanmem\vendor\codeigniter4\framework\system\Database\MySQLi\Connection.php:186
Stack trace:
#0 C:\xampp\htdocs\cnphanmem\vendor\codeigniter4\framework\system\Database\MySQLi\Connection.php(186): mysqli->real_connect('localhost', 'root', Object(SensitiveParameterValue), 'cnpm', 3306, '', 0)
#1 C:\xampp\htdocs\cnphanmem\vendor\codeigniter4\framework\system\Database\BaseConnection.php(421): CodeIgniter\Database\MySQLi\Connection->connect(false)
#2 C:\xampp\htdocs\cnphanmem\vendor\codeigniter4\framework\system\Database\BaseConnection.php(604): CodeIgniter\Database\BaseConnection->initialize()
#3 C:\xampp\htdocs\cnphanmem\vendor\codeigniter4\framework\system\Database\BaseBuilder.php(1629): CodeIgniter\Database\BaseConnection->query('SELECT *\nFROM `...', Array, false)
#4 C:\xampp\htdocs\cnphanmem\vendor\codeigniter4\framework\system\Model.php(319): CodeIgniter\Database\BaseBuilder->get()
#5 C:\xampp\htdocs\cnphanmem\vendor\codeigniter4\framework\system\BaseModel.php(714): CodeIgniter\Model->doFirst()
#6 C:\xampp\htdocs\cnphanmem\app\services\LoginService.php(39): CodeIgniter\BaseModel->first()
#7 C:\xampp\htdocs\cnphanmem\app\Controllers\LoginController.php(26): App\Services\LoginService->hasLoginInfo(Object(CodeIgniter\HTTP\IncomingRequest))
#8 C:\xampp\htdocs\cnphanmem\vendor\codeigniter4\framework\system\CodeIgniter.php(933): App\Controllers\LoginController->login()
#9 C:\xampp\htdocs\cnphanmem\vendor\codeigniter4\framework\system\CodeIgniter.php(509): CodeIgniter\CodeIgniter->runController(Object(App\Controllers\LoginController))
#10 C:\xampp\htdocs\cnphanmem\vendor\codeigniter4\framework\system\CodeIgniter.php(355): CodeIgniter\CodeIgniter->handleRequest(NULL, Object(Config\Cache), false)
#11 C:\xampp\htdocs\cnphanmem\vendor\codeigniter4\framework\system\Boot.php(312): CodeIgniter\CodeIgniter->run()
#12 C:\xampp\htdocs\cnphanmem\vendor\codeigniter4\framework\system\Boot.php(67): CodeIgniter\Boot::runCodeIgniter(Object(CodeIgniter\CodeIgniter))
#13 C:\xampp\htdocs\cnphanmem\public\index.php(56): CodeIgniter\Boot::bootWeb(Object(Config\Paths))
#14 C:\xampp\htdocs\cnphanmem\vendor\codeigniter4\framework\system\Commands\Server\rewrite.php(49): require_once('C:\\xampp\\htdocs...')
#15 {main}

Next CodeIgniter\Database\Exceptions\DatabaseException: No connection could be made because the target machine actively refused it in C:\xampp\htdocs\cnphanmem\vendor\codeigniter4\framework\system\Database\MySQLi\Connection.php:231
Stack trace:
#0 C:\xampp\htdocs\cnphanmem\vendor\codeigniter4\framework\system\Database\BaseConnection.php(421): CodeIgniter\Database\MySQLi\Connection->connect(false)
#1 C:\xampp\htdocs\cnphanmem\vendor\codeigniter4\framework\system\Database\BaseConnection.php(604): CodeIgniter\Database\BaseConnection->initialize()
#2 C:\xampp\htdocs\cnphanmem\vendor\codeigniter4\framework\system\Database\BaseBuilder.php(1629): CodeIgniter\Database\BaseConnection->query('SELECT *\nFROM `...', Array, false)
#3 C:\xampp\htdocs\cnphanmem\vendor\codeigniter4\framework\system\Model.php(319): CodeIgniter\Database\BaseBuilder->get()
#4 C:\xampp\htdocs\cnphanmem\vendor\codeigniter4\framework\system\BaseModel.php(714): CodeIgniter\Model->doFirst()
#5 C:\xampp\htdocs\cnphanmem\app\services\LoginService.php(39): CodeIgniter\BaseModel->first()
#6 C:\xampp\htdocs\cnphanmem\app\Controllers\LoginController.php(26): App\Services\LoginService->hasLoginInfo(Object(CodeIgniter\HTTP\IncomingRequest))
#7 C:\xampp\htdocs\cnphanmem\vendor\codeigniter4\framework\system\CodeIgniter.php(933): App\Controllers\LoginController->login()
#8 C:\xampp\htdocs\cnphanmem\vendor\codeigniter4\framework\system\CodeIgniter.php(509): CodeIgniter\CodeIgniter->runController(Object(App\Controllers\LoginController))
#9 C:\xampp\htdocs\cnphanmem\vendor\codeigniter4\framework\system\CodeIgniter.php(355): CodeIgniter\CodeIgniter->handleRequest(NULL, Object(Config\Cache), false)
#10 C:\xampp\htdocs\cnphanmem\vendor\codeigniter4\framework\system\Boot.php(312): CodeIgniter\CodeIgniter->run()
#11 C:\xampp\htdocs\cnphanmem\vendor\codeigniter4\framework\system\Boot.php(67): CodeIgniter\Boot::runCodeIgniter(Object(CodeIgniter\CodeIgniter))
#12 C:\xampp\htdocs\cnphanmem\public\index.php(56): CodeIgniter\Boot::bootWeb(Object(Config\Paths))
#13 C:\xampp\htdocs\cnphanmem\vendor\codeigniter4\framework\system\Commands\Server\rewrite.php(49): require_once('C:\\xampp\\htdocs...')
#14 {main}
CRITICAL - 2024-06-21 06:19:33 --> CodeIgniter\Database\Exceptions\DatabaseException: Unable to connect to the database.
Main connection [MySQLi]: No connection could be made because the target machine actively refused it
[Method: POST, Route: login]
in SYSTEMPATH\Database\BaseConnection.php on line 457.
 1 SYSTEMPATH\Database\BaseConnection.php(604): CodeIgniter\Database\BaseConnection->initialize()
 2 SYSTEMPATH\Database\BaseBuilder.php(1629): CodeIgniter\Database\BaseConnection->query('SELECT *
FROM `users`
WHERE `user_id` = :user_id:
 LIMIT 1', [...], false)
 3 SYSTEMPATH\Model.php(319): CodeIgniter\Database\BaseBuilder->get()
 4 SYSTEMPATH\BaseModel.php(714): CodeIgniter\Model->doFirst()
 5 APPPATH\services\LoginService.php(39): CodeIgniter\BaseModel->first()
 6 APPPATH\Controllers\LoginController.php(26): App\Services\LoginService->hasLoginInfo(Object(CodeIgniter\HTTP\IncomingRequest))
 7 SYSTEMPATH\CodeIgniter.php(933): App\Controllers\LoginController->login()
 8 SYSTEMPATH\CodeIgniter.php(509): CodeIgniter\CodeIgniter->runController(Object(App\Controllers\LoginController))
 9 SYSTEMPATH\CodeIgniter.php(355): CodeIgniter\CodeIgniter->handleRequest(null, Object(Config\Cache), false)
10 SYSTEMPATH\Boot.php(312): CodeIgniter\CodeIgniter->run()
11 SYSTEMPATH\Boot.php(67): CodeIgniter\Boot::runCodeIgniter(Object(CodeIgniter\CodeIgniter))
12 FCPATH\index.php(56): CodeIgniter\Boot::bootWeb(Object(Config\Paths))
13 SYSTEMPATH\Commands\Server\rewrite.php(49): require_once('C:\\xampp\\htdocs\\cnphanmem\\public\\index.php')
WARNING - 2024-06-21 06:19:42 --> [DEPRECATED] Creation of dynamic property App\Services\LoginService::$validation is deprecated in APPPATH\services\BaseService.php on line 8.
 1 APPPATH\services\LoginService.php(20): App\Services\BaseService->__construct()
 2 APPPATH\Controllers\LoginController.php(13): App\Services\LoginService->__construct()
 3 SYSTEMPATH\CodeIgniter.php(903): App\Controllers\LoginController->__construct()
 4 SYSTEMPATH\CodeIgniter.php(500): CodeIgniter\CodeIgniter->createController()
 5 SYSTEMPATH\CodeIgniter.php(355): CodeIgniter\CodeIgniter->handleRequest(null, Object(Config\Cache), false)
 6 SYSTEMPATH\Boot.php(312): CodeIgniter\CodeIgniter->run()
 7 SYSTEMPATH\Boot.php(67): CodeIgniter\Boot::runCodeIgniter(Object(CodeIgniter\CodeIgniter))
 8 FCPATH\index.php(56): CodeIgniter\Boot::bootWeb(Object(Config\Paths))
 9 SYSTEMPATH\Commands\Server\rewrite.php(49): require_once('C:\\xampp\\htdocs\\cnphanmem\\public\\index.php')
INFO - 2024-06-21 06:19:42 --> Session: Class initialized using 'CodeIgniter\Session\Handlers\FileHandler' driver.
WARNING - 2024-06-21 06:19:42 --> [DEPRECATED] Creation of dynamic property App\Services\LoginService::$validation is deprecated in APPPATH\services\BaseService.php on line 8.
 1 APPPATH\services\LoginService.php(20): App\Services\BaseService->__construct()
 2 APPPATH\Controllers\LoginController.php(13): App\Services\LoginService->__construct()
 3 SYSTEMPATH\CodeIgniter.php(903): App\Controllers\LoginController->__construct()
 4 SYSTEMPATH\CodeIgniter.php(500): CodeIgniter\CodeIgniter->createController()
 5 SYSTEMPATH\CodeIgniter.php(355): CodeIgniter\CodeIgniter->handleRequest(null, Object(Config\Cache), false)
 6 SYSTEMPATH\Boot.php(312): CodeIgniter\CodeIgniter->run()
 7 SYSTEMPATH\Boot.php(67): CodeIgniter\Boot::runCodeIgniter(Object(CodeIgniter\CodeIgniter))
 8 FCPATH\index.php(56): CodeIgniter\Boot::bootWeb(Object(Config\Paths))
 9 SYSTEMPATH\Commands\Server\rewrite.php(49): require_once('C:\\xampp\\htdocs\\cnphanmem\\public\\index.php')
INFO - 2024-06-21 06:19:42 --> Session: Class initialized using 'CodeIgniter\Session\Handlers\FileHandler' driver.
WARNING - 2024-06-21 06:19:46 --> [DEPRECATED] Creation of dynamic property App\Services\LoginService::$validation is deprecated in APPPATH\services\BaseService.php on line 8.
 1 APPPATH\services\LoginService.php(20): App\Services\BaseService->__construct()
 2 APPPATH\Controllers\LoginController.php(13): App\Services\LoginService->__construct()
 3 SYSTEMPATH\CodeIgniter.php(903): App\Controllers\LoginController->__construct()
 4 SYSTEMPATH\CodeIgniter.php(500): CodeIgniter\CodeIgniter->createController()
 5 SYSTEMPATH\CodeIgniter.php(355): CodeIgniter\CodeIgniter->handleRequest(null, Object(Config\Cache), false)
 6 SYSTEMPATH\Boot.php(312): CodeIgniter\CodeIgniter->run()
 7 SYSTEMPATH\Boot.php(67): CodeIgniter\Boot::runCodeIgniter(Object(CodeIgniter\CodeIgniter))
 8 FCPATH\index.php(56): CodeIgniter\Boot::bootWeb(Object(Config\Paths))
 9 SYSTEMPATH\Commands\Server\rewrite.php(49): require_once('C:\\xampp\\htdocs\\cnphanmem\\public\\index.php')
INFO - 2024-06-21 06:19:46 --> Session: Class initialized using 'CodeIgniter\Session\Handlers\FileHandler' driver.
WARNING - 2024-06-21 06:19:47 --> [DEPRECATED] Creation of dynamic property App\Services\LoginService::$validation is deprecated in APPPATH\services\BaseService.php on line 8.
 1 APPPATH\services\LoginService.php(20): App\Services\BaseService->__construct()
 2 APPPATH\Controllers\LoginController.php(13): App\Services\LoginService->__construct()
 3 SYSTEMPATH\CodeIgniter.php(903): App\Controllers\LoginController->__construct()
 4 SYSTEMPATH\CodeIgniter.php(500): CodeIgniter\CodeIgniter->createController()
 5 SYSTEMPATH\CodeIgniter.php(355): CodeIgniter\CodeIgniter->handleRequest(null, Object(Config\Cache), false)
 6 SYSTEMPATH\Boot.php(312): CodeIgniter\CodeIgniter->run()
 7 SYSTEMPATH\Boot.php(67): CodeIgniter\Boot::runCodeIgniter(Object(CodeIgniter\CodeIgniter))
 8 FCPATH\index.php(56): CodeIgniter\Boot::bootWeb(Object(Config\Paths))
 9 SYSTEMPATH\Commands\Server\rewrite.php(49): require_once('C:\\xampp\\htdocs\\cnphanmem\\public\\index.php')
INFO - 2024-06-21 06:19:47 --> Session: Class initialized using 'CodeIgniter\Session\Handlers\FileHandler' driver.
INFO - 2024-06-21 06:19:47 --> Session: Class initialized using 'CodeIgniter\Session\Handlers\FileHandler' driver.
WARNING - 2024-06-21 06:19:47 --> [DEPRECATED] Creation of dynamic property App\Services\scheduleService::$validation is deprecated in APPPATH\services\BaseService.php on line 8.
 1 APPPATH\services\ScheduleService.php(19): App\Services\BaseService->__construct()
 2 APPPATH\Controllers\Home.php(15): App\Services\scheduleService->__construct()
 3 SYSTEMPATH\CodeIgniter.php(903): App\Controllers\Home->__construct()
 4 SYSTEMPATH\CodeIgniter.php(500): CodeIgniter\CodeIgniter->createController()
 5 SYSTEMPATH\CodeIgniter.php(355): CodeIgniter\CodeIgniter->handleRequest(null, Object(Config\Cache), false)
 6 SYSTEMPATH\Boot.php(312): CodeIgniter\CodeIgniter->run()
 7 SYSTEMPATH\Boot.php(67): CodeIgniter\Boot::runCodeIgniter(Object(CodeIgniter\CodeIgniter))
 8 FCPATH\index.php(56): CodeIgniter\Boot::bootWeb(Object(Config\Paths))
 9 SYSTEMPATH\Commands\Server\rewrite.php(49): require_once('C:\\xampp\\htdocs\\cnphanmem\\public\\index.php')
WARNING - 2024-06-21 06:19:47 --> [DEPRECATED] Creation of dynamic property App\Services\TeacherService::$validation is deprecated in APPPATH\services\BaseService.php on line 8.
 1 APPPATH\services\TeacherService.php(16): App\Services\BaseService->__construct()
 2 APPPATH\Controllers\Home.php(16): App\Services\TeacherService->__construct()
 3 SYSTEMPATH\CodeIgniter.php(903): App\Controllers\Home->__construct()
 4 SYSTEMPATH\CodeIgniter.php(500): CodeIgniter\CodeIgniter->createController()
 5 SYSTEMPATH\CodeIgniter.php(355): CodeIgniter\CodeIgniter->handleRequest(null, Object(Config\Cache), false)
 6 SYSTEMPATH\Boot.php(312): CodeIgniter\CodeIgniter->run()
 7 SYSTEMPATH\Boot.php(67): CodeIgniter\Boot::runCodeIgniter(Object(CodeIgniter\CodeIgniter))
 8 FCPATH\index.php(56): CodeIgniter\Boot::bootWeb(Object(Config\Paths))
 9 SYSTEMPATH\Commands\Server\rewrite.php(49): require_once('C:\\xampp\\htdocs\\cnphanmem\\public\\index.php')
WARNING - 2024-06-21 06:19:47 --> [DEPRECATED] Creation of dynamic property App\Services\SubjectService::$validation is deprecated in APPPATH\services\BaseService.php on line 8.
 1 APPPATH\services\SubjectService.php(18): App\Services\BaseService->__construct()
 2 APPPATH\Controllers\Home.php(17): App\Services\SubjectService->__construct()
 3 SYSTEMPATH\CodeIgniter.php(903): App\Controllers\Home->__construct()
 4 SYSTEMPATH\CodeIgniter.php(500): CodeIgniter\CodeIgniter->createController()
 5 SYSTEMPATH\CodeIgniter.php(355): CodeIgniter\CodeIgniter->handleRequest(null, Object(Config\Cache), false)
 6 SYSTEMPATH\Boot.php(312): CodeIgniter\CodeIgniter->run()
 7 SYSTEMPATH\Boot.php(67): CodeIgniter\Boot::runCodeIgniter(Object(CodeIgniter\CodeIgniter))
 8 FCPATH\index.php(56): CodeIgniter\Boot::bootWeb(Object(Config\Paths))
 9 SYSTEMPATH\Commands\Server\rewrite.php(49): require_once('C:\\xampp\\htdocs\\cnphanmem\\public\\index.php')
WARNING - 2024-06-21 06:19:47 --> [DEPRECATED] Creation of dynamic property App\Services\ClassServices::$validation is deprecated in APPPATH\services\BaseService.php on line 8.
 1 APPPATH\services\ClassServices.php(22): App\Services\BaseService->__construct()
 2 APPPATH\Controllers\Home.php(18): App\Services\ClassServices->__construct()
 3 SYSTEMPATH\CodeIgniter.php(903): App\Controllers\Home->__construct()
 4 SYSTEMPATH\CodeIgniter.php(500): CodeIgniter\CodeIgniter->createController()
 5 SYSTEMPATH\CodeIgniter.php(355): CodeIgniter\CodeIgniter->handleRequest(null, Object(Config\Cache), false)
 6 SYSTEMPATH\Boot.php(312): CodeIgniter\CodeIgniter->run()
 7 SYSTEMPATH\Boot.php(67): CodeIgniter\Boot::runCodeIgniter(Object(CodeIgniter\CodeIgniter))
 8 FCPATH\index.php(56): CodeIgniter\Boot::bootWeb(Object(Config\Paths))
 9 SYSTEMPATH\Commands\Server\rewrite.php(49): require_once('C:\\xampp\\htdocs\\cnphanmem\\public\\index.php')
INFO - 2024-06-21 06:19:49 --> Session: Class initialized using 'CodeIgniter\Session\Handlers\FileHandler' driver.
WARNING - 2024-06-21 06:19:49 --> [DEPRECATED] Creation of dynamic property App\Services\SubjectService::$validation is deprecated in APPPATH\services\BaseService.php on line 8.
 1 APPPATH\services\SubjectService.php(18): App\Services\BaseService->__construct()
 2 APPPATH\Controllers\MonHocController.php(15): App\Services\SubjectService->__construct()
 3 SYSTEMPATH\CodeIgniter.php(903): App\Controllers\MonHocController->__construct()
 4 SYSTEMPATH\CodeIgniter.php(500): CodeIgniter\CodeIgniter->createController()
 5 SYSTEMPATH\CodeIgniter.php(355): CodeIgniter\CodeIgniter->handleRequest(null, Object(Config\Cache), false)
 6 SYSTEMPATH\Boot.php(312): CodeIgniter\CodeIgniter->run()
 7 SYSTEMPATH\Boot.php(67): CodeIgniter\Boot::runCodeIgniter(Object(CodeIgniter\CodeIgniter))
 8 FCPATH\index.php(56): CodeIgniter\Boot::bootWeb(Object(Config\Paths))
 9 SYSTEMPATH\Commands\Server\rewrite.php(49): require_once('C:\\xampp\\htdocs\\cnphanmem\\public\\index.php')
INFO - 2024-06-21 06:19:53 --> Session: Class initialized using 'CodeIgniter\Session\Handlers\FileHandler' driver.
WARNING - 2024-06-21 06:19:53 --> [DEPRECATED] Creation of dynamic property App\Services\SubjectService::$validation is deprecated in APPPATH\services\BaseService.php on line 8.
 1 APPPATH\services\SubjectService.php(18): App\Services\BaseService->__construct()
 2 APPPATH\Controllers\BangDiemController.php(13): App\Services\SubjectService->__construct()
 3 SYSTEMPATH\CodeIgniter.php(903): App\Controllers\BangDiemController->__construct()
 4 SYSTEMPATH\CodeIgniter.php(500): CodeIgniter\CodeIgniter->createController()
 5 SYSTEMPATH\CodeIgniter.php(355): CodeIgniter\CodeIgniter->handleRequest(null, Object(Config\Cache), false)
 6 SYSTEMPATH\Boot.php(312): CodeIgniter\CodeIgniter->run()
 7 SYSTEMPATH\Boot.php(67): CodeIgniter\Boot::runCodeIgniter(Object(CodeIgniter\CodeIgniter))
 8 FCPATH\index.php(56): CodeIgniter\Boot::bootWeb(Object(Config\Paths))
 9 SYSTEMPATH\Commands\Server\rewrite.php(49): require_once('C:\\xampp\\htdocs\\cnphanmem\\public\\index.php')
WARNING - 2024-06-21 06:19:53 --> [DEPRECATED] Creation of dynamic property App\Services\StudentService::$validation is deprecated in APPPATH\services\BaseService.php on line 8.
 1 APPPATH\services\StudentService.php(16): App\Services\BaseService->__construct()
 2 APPPATH\Controllers\BangDiemController.php(14): App\Services\StudentService->__construct()
 3 SYSTEMPATH\CodeIgniter.php(903): App\Controllers\BangDiemController->__construct()
 4 SYSTEMPATH\CodeIgniter.php(500): CodeIgniter\CodeIgniter->createController()
 5 SYSTEMPATH\CodeIgniter.php(355): CodeIgniter\CodeIgniter->handleRequest(null, Object(Config\Cache), false)
 6 SYSTEMPATH\Boot.php(312): CodeIgniter\CodeIgniter->run()
 7 SYSTEMPATH\Boot.php(67): CodeIgniter\Boot::runCodeIgniter(Object(CodeIgniter\CodeIgniter))
 8 FCPATH\index.php(56): CodeIgniter\Boot::bootWeb(Object(Config\Paths))
 9 SYSTEMPATH\Commands\Server\rewrite.php(49): require_once('C:\\xampp\\htdocs\\cnphanmem\\public\\index.php')
INFO - 2024-06-21 06:24:47 --> Session: Class initialized using 'CodeIgniter\Session\Handlers\FileHandler' driver.
WARNING - 2024-06-21 06:24:47 --> [DEPRECATED] Creation of dynamic property App\Services\SubjectService::$validation is deprecated in APPPATH\services\BaseService.php on line 8.
 1 APPPATH\services\SubjectService.php(18): App\Services\BaseService->__construct()
 2 APPPATH\Controllers\BangDiemController.php(13): App\Services\SubjectService->__construct()
 3 SYSTEMPATH\CodeIgniter.php(903): App\Controllers\BangDiemController->__construct()
 4 SYSTEMPATH\CodeIgniter.php(500): CodeIgniter\CodeIgniter->createController()
 5 SYSTEMPATH\CodeIgniter.php(355): CodeIgniter\CodeIgniter->handleRequest(null, Object(Config\Cache), false)
 6 SYSTEMPATH\Boot.php(312): CodeIgniter\CodeIgniter->run()
 7 SYSTEMPATH\Boot.php(67): CodeIgniter\Boot::runCodeIgniter(Object(CodeIgniter\CodeIgniter))
 8 FCPATH\index.php(56): CodeIgniter\Boot::bootWeb(Object(Config\Paths))
 9 SYSTEMPATH\Commands\Server\rewrite.php(49): require_once('C:\\xampp\\htdocs\\cnphanmem\\public\\index.php')
WARNING - 2024-06-21 06:24:47 --> [DEPRECATED] Creation of dynamic property App\Services\StudentService::$validation is deprecated in APPPATH\services\BaseService.php on line 8.
 1 APPPATH\services\StudentService.php(16): App\Services\BaseService->__construct()
 2 APPPATH\Controllers\BangDiemController.php(14): App\Services\StudentService->__construct()
 3 SYSTEMPATH\CodeIgniter.php(903): App\Controllers\BangDiemController->__construct()
 4 SYSTEMPATH\CodeIgniter.php(500): CodeIgniter\CodeIgniter->createController()
 5 SYSTEMPATH\CodeIgniter.php(355): CodeIgniter\CodeIgniter->handleRequest(null, Object(Config\Cache), false)
 6 SYSTEMPATH\Boot.php(312): CodeIgniter\CodeIgniter->run()
 7 SYSTEMPATH\Boot.php(67): CodeIgniter\Boot::runCodeIgniter(Object(CodeIgniter\CodeIgniter))
 8 FCPATH\index.php(56): CodeIgniter\Boot::bootWeb(Object(Config\Paths))
 9 SYSTEMPATH\Commands\Server\rewrite.php(49): require_once('C:\\xampp\\htdocs\\cnphanmem\\public\\index.php')
INFO - 2024-06-21 06:25:16 --> Session: Class initialized using 'CodeIgniter\Session\Handlers\FileHandler' driver.
WARNING - 2024-06-21 06:25:16 --> [DEPRECATED] Creation of dynamic property App\Services\SubjectService::$validation is deprecated in APPPATH\services\BaseService.php on line 8.
 1 APPPATH\services\SubjectService.php(18): App\Services\BaseService->__construct()
 2 APPPATH\Controllers\MonHocController.php(15): App\Services\SubjectService->__construct()
 3 SYSTEMPATH\CodeIgniter.php(903): App\Controllers\MonHocController->__construct()
 4 SYSTEMPATH\CodeIgniter.php(500): CodeIgniter\CodeIgniter->createController()
 5 SYSTEMPATH\CodeIgniter.php(355): CodeIgniter\CodeIgniter->handleRequest(null, Object(Config\Cache), false)
 6 SYSTEMPATH\Boot.php(312): CodeIgniter\CodeIgniter->run()
 7 SYSTEMPATH\Boot.php(67): CodeIgniter\Boot::runCodeIgniter(Object(CodeIgniter\CodeIgniter))
 8 FCPATH\index.php(56): CodeIgniter\Boot::bootWeb(Object(Config\Paths))
 9 SYSTEMPATH\Commands\Server\rewrite.php(49): require_once('C:\\xampp\\htdocs\\cnphanmem\\public\\index.php')
WARNING - 2024-06-21 09:50:42 --> [DEPRECATED] Creation of dynamic property App\Services\LoginService::$validation is deprecated in APPPATH\services\BaseService.php on line 8.
 1 APPPATH\services\LoginService.php(20): App\Services\BaseService->__construct()
 2 APPPATH\Controllers\LoginController.php(13): App\Services\LoginService->__construct()
 3 SYSTEMPATH\CodeIgniter.php(903): App\Controllers\LoginController->__construct()
 4 SYSTEMPATH\CodeIgniter.php(500): CodeIgniter\CodeIgniter->createController()
 5 SYSTEMPATH\CodeIgniter.php(355): CodeIgniter\CodeIgniter->handleRequest(null, Object(Config\Cache), false)
 6 SYSTEMPATH\Boot.php(312): CodeIgniter\CodeIgniter->run()
 7 SYSTEMPATH\Boot.php(67): CodeIgniter\Boot::runCodeIgniter(Object(CodeIgniter\CodeIgniter))
 8 FCPATH\index.php(56): CodeIgniter\Boot::bootWeb(Object(Config\Paths))
 9 SYSTEMPATH\Commands\Server\rewrite.php(49): require_once('C:\\xampp\\htdocs\\cnphanmem\\public\\index.php')
INFO - 2024-06-21 09:50:42 --> Session: Class initialized using 'CodeIgniter\Session\Handlers\FileHandler' driver.
WARNING - 2024-06-21 09:50:48 --> [DEPRECATED] Creation of dynamic property App\Services\LoginService::$validation is deprecated in APPPATH\services\BaseService.php on line 8.
 1 APPPATH\services\LoginService.php(20): App\Services\BaseService->__construct()
 2 APPPATH\Controllers\LoginController.php(13): App\Services\LoginService->__construct()
 3 SYSTEMPATH\CodeIgniter.php(903): App\Controllers\LoginController->__construct()
 4 SYSTEMPATH\CodeIgniter.php(500): CodeIgniter\CodeIgniter->createController()
 5 SYSTEMPATH\CodeIgniter.php(355): CodeIgniter\CodeIgniter->handleRequest(null, Object(Config\Cache), false)
 6 SYSTEMPATH\Boot.php(312): CodeIgniter\CodeIgniter->run()
 7 SYSTEMPATH\Boot.php(67): CodeIgniter\Boot::runCodeIgniter(Object(CodeIgniter\CodeIgniter))
 8 FCPATH\index.php(56): CodeIgniter\Boot::bootWeb(Object(Config\Paths))
 9 SYSTEMPATH\Commands\Server\rewrite.php(49): require_once('C:\\xampp\\htdocs\\cnphanmem\\public\\index.php')
INFO - 2024-06-21 09:50:49 --> Session: Class initialized using 'CodeIgniter\Session\Handlers\FileHandler' driver.
WARNING - 2024-06-21 09:50:49 --> [DEPRECATED] Creation of dynamic property App\Services\LoginService::$validation is deprecated in APPPATH\services\BaseService.php on line 8.
 1 APPPATH\services\LoginService.php(20): App\Services\BaseService->__construct()
 2 APPPATH\Controllers\LoginController.php(13): App\Services\LoginService->__construct()
 3 SYSTEMPATH\CodeIgniter.php(903): App\Controllers\LoginController->__construct()
 4 SYSTEMPATH\CodeIgniter.php(500): CodeIgniter\CodeIgniter->createController()
 5 SYSTEMPATH\CodeIgniter.php(355): CodeIgniter\CodeIgniter->handleRequest(null, Object(Config\Cache), false)
 6 SYSTEMPATH\Boot.php(312): CodeIgniter\CodeIgniter->run()
 7 SYSTEMPATH\Boot.php(67): CodeIgniter\Boot::runCodeIgniter(Object(CodeIgniter\CodeIgniter))
 8 FCPATH\index.php(56): CodeIgniter\Boot::bootWeb(Object(Config\Paths))
 9 SYSTEMPATH\Commands\Server\rewrite.php(49): require_once('C:\\xampp\\htdocs\\cnphanmem\\public\\index.php')
INFO - 2024-06-21 09:50:49 --> Session: Class initialized using 'CodeIgniter\Session\Handlers\FileHandler' driver.
INFO - 2024-06-21 09:50:49 --> Session: Class initialized using 'CodeIgniter\Session\Handlers\FileHandler' driver.
WARNING - 2024-06-21 09:50:49 --> [DEPRECATED] Creation of dynamic property App\Services\scheduleService::$validation is deprecated in APPPATH\services\BaseService.php on line 8.
 1 APPPATH\services\ScheduleService.php(19): App\Services\BaseService->__construct()
 2 APPPATH\Controllers\Home.php(15): App\Services\scheduleService->__construct()
 3 SYSTEMPATH\CodeIgniter.php(903): App\Controllers\Home->__construct()
 4 SYSTEMPATH\CodeIgniter.php(500): CodeIgniter\CodeIgniter->createController()
 5 SYSTEMPATH\CodeIgniter.php(355): CodeIgniter\CodeIgniter->handleRequest(null, Object(Config\Cache), false)
 6 SYSTEMPATH\Boot.php(312): CodeIgniter\CodeIgniter->run()
 7 SYSTEMPATH\Boot.php(67): CodeIgniter\Boot::runCodeIgniter(Object(CodeIgniter\CodeIgniter))
 8 FCPATH\index.php(56): CodeIgniter\Boot::bootWeb(Object(Config\Paths))
 9 SYSTEMPATH\Commands\Server\rewrite.php(49): require_once('C:\\xampp\\htdocs\\cnphanmem\\public\\index.php')
WARNING - 2024-06-21 09:50:49 --> [DEPRECATED] Creation of dynamic property App\Services\TeacherService::$validation is deprecated in APPPATH\services\BaseService.php on line 8.
 1 APPPATH\services\TeacherService.php(16): App\Services\BaseService->__construct()
 2 APPPATH\Controllers\Home.php(16): App\Services\TeacherService->__construct()
 3 SYSTEMPATH\CodeIgniter.php(903): App\Controllers\Home->__construct()
 4 SYSTEMPATH\CodeIgniter.php(500): CodeIgniter\CodeIgniter->createController()
 5 SYSTEMPATH\CodeIgniter.php(355): CodeIgniter\CodeIgniter->handleRequest(null, Object(Config\Cache), false)
 6 SYSTEMPATH\Boot.php(312): CodeIgniter\CodeIgniter->run()
 7 SYSTEMPATH\Boot.php(67): CodeIgniter\Boot::runCodeIgniter(Object(CodeIgniter\CodeIgniter))
 8 FCPATH\index.php(56): CodeIgniter\Boot::bootWeb(Object(Config\Paths))
 9 SYSTEMPATH\Commands\Server\rewrite.php(49): require_once('C:\\xampp\\htdocs\\cnphanmem\\public\\index.php')
WARNING - 2024-06-21 09:50:49 --> [DEPRECATED] Creation of dynamic property App\Services\SubjectService::$validation is deprecated in APPPATH\services\BaseService.php on line 8.
 1 APPPATH\services\SubjectService.php(18): App\Services\BaseService->__construct()
 2 APPPATH\Controllers\Home.php(17): App\Services\SubjectService->__construct()
 3 SYSTEMPATH\CodeIgniter.php(903): App\Controllers\Home->__construct()
 4 SYSTEMPATH\CodeIgniter.php(500): CodeIgniter\CodeIgniter->createController()
 5 SYSTEMPATH\CodeIgniter.php(355): CodeIgniter\CodeIgniter->handleRequest(null, Object(Config\Cache), false)
 6 SYSTEMPATH\Boot.php(312): CodeIgniter\CodeIgniter->run()
 7 SYSTEMPATH\Boot.php(67): CodeIgniter\Boot::runCodeIgniter(Object(CodeIgniter\CodeIgniter))
 8 FCPATH\index.php(56): CodeIgniter\Boot::bootWeb(Object(Config\Paths))
 9 SYSTEMPATH\Commands\Server\rewrite.php(49): require_once('C:\\xampp\\htdocs\\cnphanmem\\public\\index.php')
WARNING - 2024-06-21 09:50:49 --> [DEPRECATED] Creation of dynamic property App\Services\ClassServices::$validation is deprecated in APPPATH\services\BaseService.php on line 8.
 1 APPPATH\services\ClassServices.php(22): App\Services\BaseService->__construct()
 2 APPPATH\Controllers\Home.php(18): App\Services\ClassServices->__construct()
 3 SYSTEMPATH\CodeIgniter.php(903): App\Controllers\Home->__construct()
 4 SYSTEMPATH\CodeIgniter.php(500): CodeIgniter\CodeIgniter->createController()
 5 SYSTEMPATH\CodeIgniter.php(355): CodeIgniter\CodeIgniter->handleRequest(null, Object(Config\Cache), false)
 6 SYSTEMPATH\Boot.php(312): CodeIgniter\CodeIgniter->run()
 7 SYSTEMPATH\Boot.php(67): CodeIgniter\Boot::runCodeIgniter(Object(CodeIgniter\CodeIgniter))
 8 FCPATH\index.php(56): CodeIgniter\Boot::bootWeb(Object(Config\Paths))
 9 SYSTEMPATH\Commands\Server\rewrite.php(49): require_once('C:\\xampp\\htdocs\\cnphanmem\\public\\index.php')
WARNING - 2024-06-21 10:25:45 --> [DEPRECATED] Creation of dynamic property App\Services\LoginService::$validation is deprecated in APPPATH\services\BaseService.php on line 8.
 1 APPPATH\services\LoginService.php(20): App\Services\BaseService->__construct()
 2 APPPATH\Controllers\LoginController.php(13): App\Services\LoginService->__construct()
 3 SYSTEMPATH\CodeIgniter.php(903): App\Controllers\LoginController->__construct()
 4 SYSTEMPATH\CodeIgniter.php(500): CodeIgniter\CodeIgniter->createController()
 5 SYSTEMPATH\CodeIgniter.php(355): CodeIgniter\CodeIgniter->handleRequest(null, Object(Config\Cache), false)
 6 SYSTEMPATH\Boot.php(312): CodeIgniter\CodeIgniter->run()
 7 SYSTEMPATH\Boot.php(67): CodeIgniter\Boot::runCodeIgniter(Object(CodeIgniter\CodeIgniter))
 8 FCPATH\index.php(56): CodeIgniter\Boot::bootWeb(Object(Config\Paths))
 9 SYSTEMPATH\Commands\Server\rewrite.php(49): require_once('C:\\xampp\\htdocs\\cnphanmem\\public\\index.php')
INFO - 2024-06-21 10:25:45 --> Session: Class initialized using 'CodeIgniter\Session\Handlers\FileHandler' driver.
INFO - 2024-06-21 10:25:46 --> Session: Class initialized using 'CodeIgniter\Session\Handlers\FileHandler' driver.
WARNING - 2024-06-21 10:25:46 --> [DEPRECATED] Creation of dynamic property App\Services\scheduleService::$validation is deprecated in APPPATH\services\BaseService.php on line 8.
 1 APPPATH\services\ScheduleService.php(19): App\Services\BaseService->__construct()
 2 APPPATH\Controllers\Home.php(15): App\Services\scheduleService->__construct()
 3 SYSTEMPATH\CodeIgniter.php(903): App\Controllers\Home->__construct()
 4 SYSTEMPATH\CodeIgniter.php(500): CodeIgniter\CodeIgniter->createController()
 5 SYSTEMPATH\CodeIgniter.php(355): CodeIgniter\CodeIgniter->handleRequest(null, Object(Config\Cache), false)
 6 SYSTEMPATH\Boot.php(312): CodeIgniter\CodeIgniter->run()
 7 SYSTEMPATH\Boot.php(67): CodeIgniter\Boot::runCodeIgniter(Object(CodeIgniter\CodeIgniter))
 8 FCPATH\index.php(56): CodeIgniter\Boot::bootWeb(Object(Config\Paths))
 9 SYSTEMPATH\Commands\Server\rewrite.php(49): require_once('C:\\xampp\\htdocs\\cnphanmem\\public\\index.php')
WARNING - 2024-06-21 10:25:46 --> [DEPRECATED] Creation of dynamic property App\Services\TeacherService::$validation is deprecated in APPPATH\services\BaseService.php on line 8.
 1 APPPATH\services\TeacherService.php(16): App\Services\BaseService->__construct()
 2 APPPATH\Controllers\Home.php(16): App\Services\TeacherService->__construct()
 3 SYSTEMPATH\CodeIgniter.php(903): App\Controllers\Home->__construct()
 4 SYSTEMPATH\CodeIgniter.php(500): CodeIgniter\CodeIgniter->createController()
 5 SYSTEMPATH\CodeIgniter.php(355): CodeIgniter\CodeIgniter->handleRequest(null, Object(Config\Cache), false)
 6 SYSTEMPATH\Boot.php(312): CodeIgniter\CodeIgniter->run()
 7 SYSTEMPATH\Boot.php(67): CodeIgniter\Boot::runCodeIgniter(Object(CodeIgniter\CodeIgniter))
 8 FCPATH\index.php(56): CodeIgniter\Boot::bootWeb(Object(Config\Paths))
 9 SYSTEMPATH\Commands\Server\rewrite.php(49): require_once('C:\\xampp\\htdocs\\cnphanmem\\public\\index.php')
WARNING - 2024-06-21 10:25:46 --> [DEPRECATED] Creation of dynamic property App\Services\SubjectService::$validation is deprecated in APPPATH\services\BaseService.php on line 8.
 1 APPPATH\services\SubjectService.php(18): App\Services\BaseService->__construct()
 2 APPPATH\Controllers\Home.php(17): App\Services\SubjectService->__construct()
 3 SYSTEMPATH\CodeIgniter.php(903): App\Controllers\Home->__construct()
 4 SYSTEMPATH\CodeIgniter.php(500): CodeIgniter\CodeIgniter->createController()
 5 SYSTEMPATH\CodeIgniter.php(355): CodeIgniter\CodeIgniter->handleRequest(null, Object(Config\Cache), false)
 6 SYSTEMPATH\Boot.php(312): CodeIgniter\CodeIgniter->run()
 7 SYSTEMPATH\Boot.php(67): CodeIgniter\Boot::runCodeIgniter(Object(CodeIgniter\CodeIgniter))
 8 FCPATH\index.php(56): CodeIgniter\Boot::bootWeb(Object(Config\Paths))
 9 SYSTEMPATH\Commands\Server\rewrite.php(49): require_once('C:\\xampp\\htdocs\\cnphanmem\\public\\index.php')
WARNING - 2024-06-21 10:25:46 --> [DEPRECATED] Creation of dynamic property App\Services\ClassServices::$validation is deprecated in APPPATH\services\BaseService.php on line 8.
 1 APPPATH\services\ClassServices.php(22): App\Services\BaseService->__construct()
 2 APPPATH\Controllers\Home.php(18): App\Services\ClassServices->__construct()
 3 SYSTEMPATH\CodeIgniter.php(903): App\Controllers\Home->__construct()
 4 SYSTEMPATH\CodeIgniter.php(500): CodeIgniter\CodeIgniter->createController()
 5 SYSTEMPATH\CodeIgniter.php(355): CodeIgniter\CodeIgniter->handleRequest(null, Object(Config\Cache), false)
 6 SYSTEMPATH\Boot.php(312): CodeIgniter\CodeIgniter->run()
 7 SYSTEMPATH\Boot.php(67): CodeIgniter\Boot::runCodeIgniter(Object(CodeIgniter\CodeIgniter))
 8 FCPATH\index.php(56): CodeIgniter\Boot::bootWeb(Object(Config\Paths))
 9 SYSTEMPATH\Commands\Server\rewrite.php(49): require_once('C:\\xampp\\htdocs\\cnphanmem\\public\\index.php')
INFO - 2024-06-21 10:25:50 --> Session: Class initialized using 'CodeIgniter\Session\Handlers\FileHandler' driver.
WARNING - 2024-06-21 10:25:50 --> [DEPRECATED] Creation of dynamic property App\Services\SubjectService::$validation is deprecated in APPPATH\services\BaseService.php on line 8.
 1 APPPATH\services\SubjectService.php(18): App\Services\BaseService->__construct()
 2 APPPATH\Controllers\MonHocController.php(15): App\Services\SubjectService->__construct()
 3 SYSTEMPATH\CodeIgniter.php(903): App\Controllers\MonHocController->__construct()
 4 SYSTEMPATH\CodeIgniter.php(500): CodeIgniter\CodeIgniter->createController()
 5 SYSTEMPATH\CodeIgniter.php(355): CodeIgniter\CodeIgniter->handleRequest(null, Object(Config\Cache), false)
 6 SYSTEMPATH\Boot.php(312): CodeIgniter\CodeIgniter->run()
 7 SYSTEMPATH\Boot.php(67): CodeIgniter\Boot::runCodeIgniter(Object(CodeIgniter\CodeIgniter))
 8 FCPATH\index.php(56): CodeIgniter\Boot::bootWeb(Object(Config\Paths))
 9 SYSTEMPATH\Commands\Server\rewrite.php(49): require_once('C:\\xampp\\htdocs\\cnphanmem\\public\\index.php')
INFO - 2024-06-21 10:52:29 --> Session: Class initialized using 'CodeIgniter\Session\Handlers\FileHandler' driver.
WARNING - 2024-06-21 10:52:29 --> [DEPRECATED] Creation of dynamic property App\Services\scheduleService::$validation is deprecated in APPPATH\services\BaseService.php on line 8.
 1 APPPATH\services\ScheduleService.php(19): App\Services\BaseService->__construct()
 2 APPPATH\Controllers\Home.php(15): App\Services\scheduleService->__construct()
 3 SYSTEMPATH\CodeIgniter.php(903): App\Controllers\Home->__construct()
 4 SYSTEMPATH\CodeIgniter.php(500): CodeIgniter\CodeIgniter->createController()
 5 SYSTEMPATH\CodeIgniter.php(355): CodeIgniter\CodeIgniter->handleRequest(null, Object(Config\Cache), false)
 6 SYSTEMPATH\Boot.php(312): CodeIgniter\CodeIgniter->run()
 7 SYSTEMPATH\Boot.php(67): CodeIgniter\Boot::runCodeIgniter(Object(CodeIgniter\CodeIgniter))
 8 FCPATH\index.php(56): CodeIgniter\Boot::bootWeb(Object(Config\Paths))
 9 SYSTEMPATH\Commands\Server\rewrite.php(49): require_once('C:\\xampp\\htdocs\\cnphanmem\\public\\index.php')
WARNING - 2024-06-21 10:52:29 --> [DEPRECATED] Creation of dynamic property App\Services\TeacherService::$validation is deprecated in APPPATH\services\BaseService.php on line 8.
 1 APPPATH\services\TeacherService.php(16): App\Services\BaseService->__construct()
 2 APPPATH\Controllers\Home.php(16): App\Services\TeacherService->__construct()
 3 SYSTEMPATH\CodeIgniter.php(903): App\Controllers\Home->__construct()
 4 SYSTEMPATH\CodeIgniter.php(500): CodeIgniter\CodeIgniter->createController()
 5 SYSTEMPATH\CodeIgniter.php(355): CodeIgniter\CodeIgniter->handleRequest(null, Object(Config\Cache), false)
 6 SYSTEMPATH\Boot.php(312): CodeIgniter\CodeIgniter->run()
 7 SYSTEMPATH\Boot.php(67): CodeIgniter\Boot::runCodeIgniter(Object(CodeIgniter\CodeIgniter))
 8 FCPATH\index.php(56): CodeIgniter\Boot::bootWeb(Object(Config\Paths))
 9 SYSTEMPATH\Commands\Server\rewrite.php(49): require_once('C:\\xampp\\htdocs\\cnphanmem\\public\\index.php')
WARNING - 2024-06-21 10:52:29 --> [DEPRECATED] Creation of dynamic property App\Services\SubjectService::$validation is deprecated in APPPATH\services\BaseService.php on line 8.
 1 APPPATH\services\SubjectService.php(18): App\Services\BaseService->__construct()
 2 APPPATH\Controllers\Home.php(17): App\Services\SubjectService->__construct()
 3 SYSTEMPATH\CodeIgniter.php(903): App\Controllers\Home->__construct()
 4 SYSTEMPATH\CodeIgniter.php(500): CodeIgniter\CodeIgniter->createController()
 5 SYSTEMPATH\CodeIgniter.php(355): CodeIgniter\CodeIgniter->handleRequest(null, Object(Config\Cache), false)
 6 SYSTEMPATH\Boot.php(312): CodeIgniter\CodeIgniter->run()
 7 SYSTEMPATH\Boot.php(67): CodeIgniter\Boot::runCodeIgniter(Object(CodeIgniter\CodeIgniter))
 8 FCPATH\index.php(56): CodeIgniter\Boot::bootWeb(Object(Config\Paths))
 9 SYSTEMPATH\Commands\Server\rewrite.php(49): require_once('C:\\xampp\\htdocs\\cnphanmem\\public\\index.php')
WARNING - 2024-06-21 10:52:29 --> [DEPRECATED] Creation of dynamic property App\Services\ClassServices::$validation is deprecated in APPPATH\services\BaseService.php on line 8.
 1 APPPATH\services\ClassServices.php(22): App\Services\BaseService->__construct()
 2 APPPATH\Controllers\Home.php(18): App\Services\ClassServices->__construct()
 3 SYSTEMPATH\CodeIgniter.php(903): App\Controllers\Home->__construct()
 4 SYSTEMPATH\CodeIgniter.php(500): CodeIgniter\CodeIgniter->createController()
 5 SYSTEMPATH\CodeIgniter.php(355): CodeIgniter\CodeIgniter->handleRequest(null, Object(Config\Cache), false)
 6 SYSTEMPATH\Boot.php(312): CodeIgniter\CodeIgniter->run()
 7 SYSTEMPATH\Boot.php(67): CodeIgniter\Boot::runCodeIgniter(Object(CodeIgniter\CodeIgniter))
 8 FCPATH\index.php(56): CodeIgniter\Boot::bootWeb(Object(Config\Paths))
 9 SYSTEMPATH\Commands\Server\rewrite.php(49): require_once('C:\\xampp\\htdocs\\cnphanmem\\public\\index.php')
